Arguments: 
  /data/data/com.termux/files/usr/bin/node /data/data/com.termux/files/usr/share/yarn/bin/yarn.js install

PATH: 
  /data/data/com.termux/files/usr/bin:/data/data/com.termux/files/usr/bin/applets

Yarn version: 
  1.22.17

Node version: 
  17.5.0

Platform: 
  android arm64

Trace: 
  Error: EPERM: operation not permitted, symlink '../../../../pino/bin.js' -> '/storage/emulated/0/bot-MD/node_modules/@adiwajshing/baileys-md/node_modules/.bin/pino'

npm manifest: 
  {
  "name": "Zero-YT7",
  "version": "1.1.0",
  "description": "Please Subscribe Me On Youtube Zero YT7",
  "main": "start.js",
  "type": "commonjs",
  "scripts": {
  "start": "node start.js"
  },
  "keywords": [],
  "author": "Zero YT7",
  "license": "MIT",
  "dependencies": {
  "@adiwajshing/baileys-md": "github:adiwajshing/baileys#multi-device",
  "awesome-phonenumber": "^2.64.0",
  "axios": "^0.24.0",
  "chalk": "^4.1.2",
  "cheerio": "^1.0.0-rc.10",
  "child_process": "^1.0.2",
  "crypto": "^1.0.1",
  "file-type": "^16.5.3",
  "fluent-ffmpeg": "^2.1.2",
  "fs": "0.0.1-security",
  "got": "^11.8.3",
  "human-readable": "^0.2.1",
  "jimp": "^0.16.1", 
  "jsdom": "^16.6.0",
  "moment-timezone": "^0.5.34",
  "node-fetch": "^2.6.1",
  "node-json-db": "^1.4.1",
  "node-webpmux": "^3.1.0",
  "os": "^0.1.2",
  "path": "^0.12.7",
  "perf_hooks": "0.0.1",
  "pino": "^7.0.5",
  "request": "^2.88.2",
  "util": "^0.12.4",
  "yargs": "^17.2.1"
  },
  "directories": {
  "lib": "lib"
  },
  "devDependencies": {},
  "repository": {
  "type": "git",
  "url": "git+https://github.com/Zero-YT7/BaseMD-ZeroYT7.git"
  },
  "bugs": {
  "url": "https://github.com/Zero-YT7/BaseMD-ZeroYT7/issues"
  },
  "homepage": "https://github.com/Zero-YT7/BaseMD-ZeroYT7#readme"
  }

yarn manifest: 
  No manifest

Lockfile: 
  No lockfile
